C51 COMPILER V9.53.0.0   COMP                                                              01/29/2020 13:56:05 PAGE 1   


C51 COMPILER V9.53.0.0, COMPILATION OF MODULE COMP
OBJECT MODULE PLACED IN .\src\comp.OBJ
COMPILER INVOKED BY: c:\SiliconLabs\SimplicityStudio\v4\developer\toolchains\keil_8051\9.53\BIN\C51.exe C:\Users\A92862\
                    -SimplicityStudio\v4_workspace\EFM8BB1_BLDC_PORT\src\comp.c OMF2 SMALL DEBUG OBJECTEXTEND ROM(LARGE) WARNINGLEVEL(2) FLOA
                    -TFUZZY(3) OPTIMIZE(8,SPEED) INTVECTOR(0X0000) INTPROMOTE INCDIR(C:\Users\A92862\SimplicityStudio\v4_workspace\EFM8BB1_BL
                    -DC_PORT\inc;C:\Users\A92862\SimplicityStudio\v4_workspace\EFM8BB1_BLDC_PORT\inc\config;C:/SiliconLabs/SimplicityStudio/v
                    -4/developer/sdks/8051/v4.1.7//Lib/efm8_assert;C:/SiliconLabs/SimplicityStudio/v4/developer/sdks/8051/v4.1.7//kits/common
                    -/bsp;C:/SiliconLabs/SimplicityStudio/v4/developer/sdks/8051/v4.1.7//kits/EFM8BB1_LCK/config;C:/SiliconLabs/SimplicityStu
                    -dio/v4/developer/sdks/8051/v4.1.7//Device/shared/si8051Base;C:/SiliconLabs/SimplicityStudio/v4/developer/sdks/8051/v4.1.
                    -7//Device/EFM8BB1/inc;C:/SiliconLabs/SimplicityStudio/v4/developer/sdks/8051/v4.1.7//Device/EFM8BB1/peripheral_driver/in
                    -c) PRINT(.\src\comp.lst) COND PAGEWIDTH(120) PAGELENGTH(65) OBJECT(.\src\comp.OBJ)

line level    source

   1          //-----------------------------------------------------------------------------
   2          // comp.c
   3          //-----------------------------------------------------------------------------
   4          // Copyright 2013, Silicon Laboratories, Inc.
   5          // http://www.silabs.com
   6          //
   7          // Created on: Mat 20, 2013
   8          //     Author: sgghang
   9          //
  10          // Adapted on: Jan 16, 2020
  11          // Author: a92862
  12          //-----------------------------------------------------------------------------
  13          
  14          //-----------------------------------------------------------------------------
  15          // Includes
  16          //-----------------------------------------------------------------------------
  17          #include "bldcdk.h"
  18          
  19          //-----------------------------------------------------------------------------
  20          // Global Constants
  21          //-----------------------------------------------------------------------------
  22          
  23          
  24          //-----------------------------------------------------------------------------
  25          // Function Prototypes
  26          //-----------------------------------------------------------------------------
  27          
  28          
  29          //-----------------------------------------------------------------------------
  30          // Global Variables
  31          //-----------------------------------------------------------------------------
  32          
  33          //-----------------------------------------------------------------------------
  34          // COMP_initialize_comp
  35          //-----------------------------------------------------------------------------
  36          //
  37          // Return Value : None
  38          // Parameters   : None
  39          //
  40          // Description  :
  41          //-----------------------------------------------------------------------------
  42          #if (BLDC_RD_PWM_METHOD == H_BRIDGE_HIGH_SIDE_PWM) || \
  43              (BLDC_RD_PWM_METHOD == H_BRIDGE_LOW_SIDE_PWM) || \
  44              (BLDC_RD_PWM_METHOD == H_BRIDGE_MIXED_MODE_PWM)
  45          void COMP_initialize_comp(void)
  46          {
  47   1              CMP0MX = compMux[0];
  48   1      
C51 COMPILER V9.53.0.0   COMP                                                              01/29/2020 13:56:05 PAGE 2   

  49   1          // enable comparator 0
  50   1          // Hysteresis 0mV
  51   1              CMP0CN0 = 0x80;
  52   1      }
  53          #endif
  54          


MODULE INFORMATION:   STATIC OVERLAYABLE
   CODE SIZE        =     11    ----
   CONSTANT SIZE    =   ----    ----
   XDATA SIZE       =   ----    ----
   PDATA SIZE       =   ----    ----
   DATA SIZE        =   ----    ----
   IDATA SIZE       =   ----    ----
   BIT SIZE         =   ----    ----
   EDATA SIZE       =   ----    ----
   HDATA SIZE       =   ----    ----
   XDATA CONST SIZE =   ----    ----
   FAR CONST SIZE   =   ----    ----
END OF MODULE INFORMATION.


C51 COMPILATION COMPLETE.  0 WARNING(S),  0 ERROR(S)
