C51 COMPILER V9.53.0.0   INTERRUPTS                                                        01/20/2020 15:45:02 PAGE 1   


C51 COMPILER V9.53.0.0, COMPILATION OF MODULE INTERRUPTS
OBJECT MODULE PLACED IN .\src\Interrupts.OBJ
COMPILER INVOKED BY: c:\SiliconLabs\SimplicityStudio\v4\developer\toolchains\keil_8051\9.53\BIN\C51.exe C:\Users\A92862\
                    -SimplicityStudio\v4_workspace\EFM8BB1_BLDC_PORT\src\Interrupts.c OMF2 SMALL DEBUG OBJECTEXTEND ROM(LARGE) WARNINGLEVEL(2
                    -) FLOATFUZZY(3) OPTIMIZE(8,SPEED) INTVECTOR(0X0000) INTPROMOTE INCDIR(C:\Users\A92862\SimplicityStudio\v4_workspace\EFM8
                    -BB1_BLDC_PORT\inc;C:\Users\A92862\SimplicityStudio\v4_workspace\EFM8BB1_BLDC_PORT\inc\config;C:/SiliconLabs/SimplicitySt
                    -udio/v4/developer/sdks/8051/v4.1.7//kits/common/drivers/efm8_retargetserial;C:/SiliconLabs/SimplicityStudio/v4/developer
                    -/sdks/8051/v4.1.7//Lib/efm8_assert;C:/SiliconLabs/SimplicityStudio/v4/developer/sdks/8051/v4.1.7//kits/common/bsp;C:/Sil
                    -iconLabs/SimplicityStudio/v4/developer/sdks/8051/v4.1.7//kits/EFM8BB1_LCK/config;C:/SiliconLabs/SimplicityStudio/v4/deve
                    -loper/sdks/8051/v4.1.7//Device/shared/si8051Base;C:/SiliconLabs/SimplicityStudio/v4/developer/sdks/8051/v4.1.7//Device/E
                    -FM8BB1/inc;C:/SiliconLabs/SimplicityStudio/v4/developer/sdks/8051/v4.1.7//Device/EFM8BB1/peripheral_driver/inc) PRINT(.\
                    -src\Interrupts.lst) COND PAGEWIDTH(120) PAGELENGTH(65) OBJECT(.\src\Interrupts.OBJ)

line level    source

   1          //=========================================================
   2          // src/Interrupts.c: generated by Hardware Configurator
   3          //
   4          // This file will be regenerated when saving a document.
   5          // leave the sections inside the "$[...]" comment tags alone
   6          // or they will be overwritten!
   7          //=========================================================
   8          
   9          // USER INCLUDES
  10          #include <SI_EFM8BB1_Register_Enums.h>
  11          #include "bldcdk.h"
*** WARNING C322 IN LINE 130 OF \Users\A92862\SimplicityStudio\v4_workspace\EFM8BB1_BLDC_PORT\inc\BLDC_RD_Build_Params.h
             -: unknown identifier
  12          
  13          //-----------------------------------------------------------------------------
  14          // ADC0EOC_ISR
  15          //-----------------------------------------------------------------------------
  16          //
  17          // ADC0EOC ISR Content goes here. Remember to clear flag bits:
  18          // ADC0CN0::ADINT (Conversion Complete Interrupt Flag)
  19          //
  20          //-----------------------------------------------------------------------------
  21          //SI_INTERRUPT (ADC0EOC_ISR, ADC0EOC_IRQn)
  22          //{
  23          //
  24          //}
  25          
  26          
  27          //-----------------------------------------------------------------------------
  28          // TIMER3_ISR
  29          //-----------------------------------------------------------------------------
  30          //
  31          // TIMER3 ISR Content goes here. Remember to clear flag bits:
  32          // TMR3CN0::TF3H (Timer # High Byte Overflow Flag)
  33          // TMR3CN0::TF3L (Timer # Low Byte Overflow Flag)
  34          //
  35          //-----------------------------------------------------------------------------
  36          SI_INTERRUPT (TIMER3_ISR, TIMER3_IRQn)
  37          {
  38   1      
  39   1      }
  40          
  41          //-----------------------------------------------------------------------------
  42          // TIMER1_ISR
  43          //-----------------------------------------------------------------------------
  44          //
  45          // TIMER1 ISR Content goes here. Remember to clear flag bits:
C51 COMPILER V9.53.0.0   INTERRUPTS                                                        01/20/2020 15:45:02 PAGE 2   

  46          // TCON::TF1 (Timer 1 Overflow Flag)
  47          //
  48          //-----------------------------------------------------------------------------
  49          SI_INTERRUPT (TIMER1_ISR, TIMER1_IRQn)
  50          {
  51   1      //-----------------------------------------------------------------------------
  52   1      // Timer1_ISR - Not invoked
  53   1      //-----------------------------------------------------------------------------
  54   1      }
  55          
  56          
*** WARNING C316 IN LINE 56 OF C:\Users\A92862\SimplicityStudio\v4_workspace\EFM8BB1_BLDC_PORT\src\Interrupts.c: untermi
             -nated conditionals


MODULE INFORMATION:   STATIC OVERLAYABLE
   CODE SIZE        =      8    ----
   CONSTANT SIZE    =   ----    ----
   XDATA SIZE       =   ----    ----
   PDATA SIZE       =   ----    ----
   DATA SIZE        =   ----    ----
   IDATA SIZE       =   ----    ----
   BIT SIZE         =   ----    ----
   EDATA SIZE       =   ----    ----
   HDATA SIZE       =   ----    ----
   XDATA CONST SIZE =   ----    ----
   FAR CONST SIZE   =   ----    ----
END OF MODULE INFORMATION.


C51 COMPILATION COMPLETE.  2 WARNING(S),  0 ERROR(S)
