C51 COMPILER V9.53.0.0   ASSERT                                                            01/16/2020 14:01:17 PAGE 1   


C51 COMPILER V9.53.0.0, COMPILATION OF MODULE ASSERT
OBJECT MODULE PLACED IN .\lib\efm8_assert\assert.OBJ
COMPILER INVOKED BY: c:\SiliconLabs\SimplicityStudio\v4\developer\toolchains\keil_8051\9.53\BIN\C51.exe C:\SiliconLabs\S
                    -implicityStudio\v4\developer\sdks\8051\v4.1.7\Lib\efm8_assert\assert.c OMF2 SMALL DEBUG OBJECTEXTEND ROM(LARGE) WARNINGL
                    -EVEL(2) FLOATFUZZY(3) OPTIMIZE(8,SPEED) INTVECTOR(0X0000) INTPROMOTE INCDIR(C:\Users\A92862\SimplicityStudio\v4_workspac
                    -e\EFM8BB1_BLDC_PORT\inc;C:\Users\A92862\SimplicityStudio\v4_workspace\EFM8BB1_BLDC_PORT\inc\config;C:/SiliconLabs/Simpli
                    -cityStudio/v4/developer/sdks/8051/v4.1.7//Lib/efm8_assert;C:/SiliconLabs/SimplicityStudio/v4/developer/sdks/8051/v4.1.7/
                    -/kits/common/bsp;C:/SiliconLabs/SimplicityStudio/v4/developer/sdks/8051/v4.1.7//kits/EFM8BB1_LCK/config;C:/SiliconLabs/S
                    -implicityStudio/v4/developer/sdks/8051/v4.1.7//Device/shared/si8051Base;C:/SiliconLabs/SimplicityStudio/v4/developer/sdk
                    -s/8051/v4.1.7//Device/EFM8BB1/inc;C:/SiliconLabs/SimplicityStudio/v4/developer/sdks/8051/v4.1.7//Device/EFM8BB1/peripher
                    -al_driver/inc;C:\SiliconLabs\SimplicityStudio\v4\developer\sdks\8051\v4.1.7\kits\common\drivers\efm8_retargetserial) PRI
                    -NT(.\lib\efm8_assert\assert.lst) COND PAGEWIDTH(120) PAGELENGTH(65) OBJECT(.\lib\efm8_assert\assert.OBJ)

line level    source

   1          /**************************************************************************//**
   2           * Copyright (c) 2015 by Silicon Laboratories Inc. All rights reserved.
   3           *
   4           * http://developer.silabs.com/legal/version/v11/Silicon_Labs_Software_License_Agreement.txt
   5           *****************************************************************************/
   6             
   7          #ifndef NDEBUG
   8          void slab_Assert()
   9          {
  10   1        while ( 1 );
  11   1      }
  12          #endif


MODULE INFORMATION:   STATIC OVERLAYABLE
   CODE SIZE        =      2    ----
   CONSTANT SIZE    =   ----    ----
   XDATA SIZE       =   ----    ----
   PDATA SIZE       =   ----    ----
   DATA SIZE        =   ----    ----
   IDATA SIZE       =   ----    ----
   BIT SIZE         =   ----    ----
   EDATA SIZE       =   ----    ----
   HDATA SIZE       =   ----    ----
   XDATA CONST SIZE =   ----    ----
   FAR CONST SIZE   =   ----    ----
END OF MODULE INFORMATION.


C51 COMPILATION COMPLETE.  0 WARNING(S),  0 ERROR(S)
